<?xml version="1.0" encoding="UTF-8"?>
<!-- Generated by org.testng.reporters.JUnitXMLReporter -->
<testsuite ignored="0" hostname="manasa-PC" failures="0" tests="4" name="Test" time="359.756" errors="0" timestamp="2020-05-06T00:48:17 IST">
  <testcase classname="Runner.TestRunner" name="login" time="32.117"/>
  <testcase classname="Runner.TestRunner1" name="login" time="75.847"/>
  <testcase classname="Runner.TestRunner2" name="login" time="111.618"/>
  <testcase classname="Runner.TestRunner3" name="login" time="131.36"/>
</testsuite> <!-- Test -->
